
Options: -C 0.25 -M 2 -B -J 

J48 pruned tree
------------------

pssm_56 <= 0.0403
|   pssm_295 <= 1.1919
|   |   pssm_150 <= 0.0782
|   |   |   pssm_36 <= 1.2862
|   |   |   |   pssm_13 <= 0.4912
|   |   |   |   |   pssm_21 <= 0.0276
|   |   |   |   |   |   pssm_384 <= 0.1846
|   |   |   |   |   |   |   pssm_86 <= 0.1105
|   |   |   |   |   |   |   |   pssm_231 <= 0.0758
|   |   |   |   |   |   |   |   |   pssm_299 <= 0.8878
|   |   |   |   |   |   |   |   |   |   pssm_85 <= 0.3154
|   |   |   |   |   |   |   |   |   |   |   pssm_307 <= 0.2076
|   |   |   |   |   |   |   |   |   |   |   |   pssm_311 <= 0.2479: 1 (445.0/1.0)
|   |   |   |   |   |   |   |   |   |   |   |   pssm_311 > 0.2479
|   |   |   |   |   |   |   |   |   |   |   |   |   pssm_161 <= 0.2178: 1 (35.0)
|   |   |   |   |   |   |   |   |   |   |   |   |   pssm_161 > 0.2178
|   |   |   |   |   |   |   |   |   |   |   |   |   |   pssm_281 <= 0.0161: 1 (2.0)
|   |   |   |   |   |   |   |   |   |   |   |   |   |   pssm_281 > 0.0161: 0 (3.0)
|   |   |   |   |   |   |   |   |   |   |   pssm_307 > 0.2076
|   |   |   |   |   |   |   |   |   |   |   |   pssm_257 <= 0.1448
|   |   |   |   |   |   |   |   |   |   |   |   |   pssm_167 <= 0.4908
|   |   |   |   |   |   |   |   |   |   |   |   |   |   pssm_307 <= 0.2263
|   |   |   |   |   |   |   |   |   |   |   |   |   |   |   pssm_361 <= 1.0E-4: 0 (2.0)
|   |   |   |   |   |   |   |   |   |   |   |   |   |   |   pssm_361 > 1.0E-4: 1 (4.0)
|   |   |   |   |   |   |   |   |   |   |   |   |   |   pssm_307 > 0.2263: 1 (75.0)
|   |   |   |   |   |   |   |   |   |   |   |   |   pssm_167 > 0.4908
|   |   |   |   |   |   |   |   |   |   |   |   |   |   pssm_363 <= 0.0378: 0 (4.0)
|   |   |   |   |   |   |   |   |   |   |   |   |   |   pssm_363 > 0.0378: 1 (3.0)
|   |   |   |   |   |   |   |   |   |   |   |   pssm_257 > 0.1448
|   |   |   |   |   |   |   |   |   |   |   |   |   pssm_67 <= 0.0147: 0 (4.0)
|   |   |   |   |   |   |   |   |   |   |   |   |   pssm_67 > 0.0147: 1 (4.0)
|   |   |   |   |   |   |   |   |   |   pssm_85 > 0.3154
|   |   |   |   |   |   |   |   |   |   |   pssm_386 <= 0.0788
|   |   |   |   |   |   |   |   |   |   |   |   pssm_214 <= 0.1331: 1 (27.0)
|   |   |   |   |   |   |   |   |   |   |   |   pssm_214 > 0.1331: 0 (2.0)
|   |   |   |   |   |   |   |   |   |   |   pssm_386 > 0.0788: 0 (3.0)
|   |   |   |   |   |   |   |   |   pssm_299 > 0.8878
|   |   |   |   |   |   |   |   |   |   pssm_178 <= 0.0464
|   |   |   |   |   |   |   |   |   |   |   pssm_280 <= 0.7068: 1 (20.0/1.0)
|   |   |   |   |   |   |   |   |   |   |   pssm_280 > 0.7068: 0 (2.0)
|   |   |   |   |   |   |   |   |   |   pssm_178 > 0.0464: 0 (3.0)
|   |   |   |   |   |   |   |   pssm_231 > 0.0758
|   |   |   |   |   |   |   |   |   pssm_278 <= 0.2777
|   |   |   |   |   |   |   |   |   |   pssm_66 <= 0.0361
|   |   |   |   |   |   |   |   |   |   |   pssm_382 <= 0.6342
|   |   |   |   |   |   |   |   |   |   |   |   pssm_119 <= 0.0228
|   |   |   |   |   |   |   |   |   |   |   |   |   pssm_179 <= 0.0844
|   |   |   |   |   |   |   |   |   |   |   |   |   |   pssm_314 <= 0.1678: 1 (158.0/1.0)
|   |   |   |   |   |   |   |   |   |   |   |   |   |   pssm_314 > 0.1678
|   |   |   |   |   |   |   |   |   |   |   |   |   |   |   pssm_365 <= 0.0099: 0 (2.0)
|   |   |   |   |   |   |   |   |   |   |   |   |   |   |   pssm_365 > 0.0099: 1 (15.0/1.0)
|   |   |   |   |   |   |   |   |   |   |   |   |   pssm_179 > 0.0844
|   |   |   |   |   |   |   |   |   |   |   |   |   |   pssm_219 <= 0.0189: 0 (3.0)
|   |   |   |   |   |   |   |   |   |   |   |   |   |   pssm_219 > 0.0189: 1 (13.0)
|   |   |   |   |   |   |   |   |   |   |   |   pssm_119 > 0.0228
|   |   |   |   |   |   |   |   |   |   |   |   |   pssm_281 <= 0.1142: 1 (15.0/1.0)
|   |   |   |   |   |   |   |   |   |   |   |   |   pssm_281 > 0.1142: 0 (5.0)
|   |   |   |   |   |   |   |   |   |   |   pssm_382 > 0.6342
|   |   |   |   |   |   |   |   |   |   |   |   pssm_18 <= 0.0052: 1 (6.0)
|   |   |   |   |   |   |   |   |   |   |   |   pssm_18 > 0.0052: 0 (6.0)
|   |   |   |   |   |   |   |   |   |   pssm_66 > 0.0361
|   |   |   |   |   |   |   |   |   |   |   pssm_23 <= 0.0434
|   |   |   |   |   |   |   |   |   |   |   |   pssm_180 <= 0.1246
|   |   |   |   |   |   |   |   |   |   |   |   |   pssm_286 <= 0.0128: 0 (3.0)
|   |   |   |   |   |   |   |   |   |   |   |   |   pssm_286 > 0.0128
|   |   |   |   |   |   |   |   |   |   |   |   |   |   pssm_211 <= 0.5153
|   |   |   |   |   |   |   |   |   |   |   |   |   |   |   pssm_173 <= 0.0275: 1 (31.0)
|   |   |   |   |   |   |   |   |   |   |   |   |   |   |   pssm_173 > 0.0275: 0 (3.0/1.0)
|   |   |   |   |   |   |   |   |   |   |   |   |   |   pssm_211 > 0.5153: 0 (2.0)
|   |   |   |   |   |   |   |   |   |   |   |   pssm_180 > 0.1246: 0 (4.0)
|   |   |   |   |   |   |   |   |   |   |   pssm_23 > 0.0434: 0 (6.0)
|   |   |   |   |   |   |   |   |   pssm_278 > 0.2777
|   |   |   |   |   |   |   |   |   |   pssm_74 <= 0.0015: 1 (10.0)
|   |   |   |   |   |   |   |   |   |   pssm_74 > 0.0015
|   |   |   |   |   |   |   |   |   |   |   pssm_183 <= 0.017: 0 (9.0)
|   |   |   |   |   |   |   |   |   |   |   pssm_183 > 0.017: 1 (3.0)
|   |   |   |   |   |   |   pssm_86 > 0.1105
|   |   |   |   |   |   |   |   pssm_132 <= 0.0314
|   |   |   |   |   |   |   |   |   pssm_299 <= 0.3391
|   |   |   |   |   |   |   |   |   |   pssm_367 <= 0.023: 0 (3.0/1.0)
|   |   |   |   |   |   |   |   |   |   pssm_367 > 0.023: 1 (26.0)
|   |   |   |   |   |   |   |   |   pssm_299 > 0.3391: 0 (3.0)
|   |   |   |   |   |   |   |   pssm_132 > 0.0314: 0 (4.0)
|   |   |   |   |   |   pssm_384 > 0.1846
|   |   |   |   |   |   |   pssm_171 <= 0.0101
|   |   |   |   |   |   |   |   pssm_232 <= 0.5544
|   |   |   |   |   |   |   |   |   pssm_381 <= 0.0479
|   |   |   |   |   |   |   |   |   |   pssm_313 <= 0.1376
|   |   |   |   |   |   |   |   |   |   |   pssm_358 <= 0.1034: 1 (52.0)
|   |   |   |   |   |   |   |   |   |   |   pssm_358 > 0.1034: 0 (3.0/1.0)
|   |   |   |   |   |   |   |   |   |   pssm_313 > 0.1376: 0 (3.0/1.0)
|   |   |   |   |   |   |   |   |   pssm_381 > 0.0479
|   |   |   |   |   |   |   |   |   |   pssm_287 <= 0.0349: 0 (5.0)
|   |   |   |   |   |   |   |   |   |   pssm_287 > 0.0349: 1 (3.0)
|   |   |   |   |   |   |   |   pssm_232 > 0.5544: 0 (5.0)
|   |   |   |   |   |   |   pssm_171 > 0.0101: 0 (6.0)
|   |   |   |   |   pssm_21 > 0.0276
|   |   |   |   |   |   pssm_391 <= 0.1027: 1 (18.0/1.0)
|   |   |   |   |   |   pssm_391 > 0.1027: 0 (7.0)
|   |   |   |   pssm_13 > 0.4912
|   |   |   |   |   pssm_4 <= 0.1588
|   |   |   |   |   |   pssm_52 <= 0.4215: 1 (16.0)
|   |   |   |   |   |   pssm_52 > 0.4215: 0 (3.0)
|   |   |   |   |   pssm_4 > 0.1588: 0 (6.0)
|   |   |   pssm_36 > 1.2862
|   |   |   |   pssm_215 <= 0.1701: 1 (9.0)
|   |   |   |   pssm_215 > 0.1701
|   |   |   |   |   pssm_14 <= 3.0E-4: 1 (4.0)
|   |   |   |   |   pssm_14 > 3.0E-4: 0 (14.0)
|   |   pssm_150 > 0.0782
|   |   |   pssm_247 <= 0.2002
|   |   |   |   pssm_387 <= 0.0154
|   |   |   |   |   pssm_18 <= 0.0288
|   |   |   |   |   |   pssm_10 <= 0.3759: 1 (76.0/1.0)
|   |   |   |   |   |   pssm_10 > 0.3759
|   |   |   |   |   |   |   pssm_250 <= 0.1226: 0 (3.0)
|   |   |   |   |   |   |   pssm_250 > 0.1226: 1 (2.0)
|   |   |   |   |   pssm_18 > 0.0288
|   |   |   |   |   |   pssm_371 <= 0.0877: 1 (9.0/1.0)
|   |   |   |   |   |   pssm_371 > 0.0877: 0 (7.0)
|   |   |   |   pssm_387 > 0.0154
|   |   |   |   |   pssm_225 <= 0.5649
|   |   |   |   |   |   pssm_58 <= 0.064
|   |   |   |   |   |   |   pssm_366 <= 0.1313
|   |   |   |   |   |   |   |   pssm_349 <= 0.0965
|   |   |   |   |   |   |   |   |   pssm_227 <= 0.261
|   |   |   |   |   |   |   |   |   |   pssm_293 <= 0.4683
|   |   |   |   |   |   |   |   |   |   |   pssm_75 <= 0.1156
|   |   |   |   |   |   |   |   |   |   |   |   pssm_379 <= 0.4658
|   |   |   |   |   |   |   |   |   |   |   |   |   pssm_37 <= 0.0908
|   |   |   |   |   |   |   |   |   |   |   |   |   |   pssm_362 <= 0.0158: 1 (8.0/1.0)
|   |   |   |   |   |   |   |   |   |   |   |   |   |   pssm_362 > 0.0158
|   |   |   |   |   |   |   |   |   |   |   |   |   |   |   pssm_286 <= 0.244
|   |   |   |   |   |   |   |   |   |   |   |   |   |   |   |   pssm_288 <= 0.2125
|   |   |   |   |   |   |   |   |   |   |   |   |   |   |   |   |   pssm_224 <= 0.2803
|   |   |   |   |   |   |   |   |   |   |   |   |   |   |   |   |   |   pssm_324 <= 0.0828
|   |   |   |   |   |   |   |   |   |   |   |   |   |   |   |   |   |   |   pssm_217 <= 0.2325
|   |   |   |   |   |   |   |   |   |   |   |   |   |   |   |   |   |   |   |   pssm_127 <= 0.0605
|   |   |   |   |   |   |   |   |   |   |   |   |   |   |   |   |   |   |   |   |   pssm_340 <= 0.0098
|   |   |   |   |   |   |   |   |   |   |   |   |   |   |   |   |   |   |   |   |   |   pssm_288 <= 0.1637: 0 (84.0/1.0)
|   |   |   |   |   |   |   |   |   |   |   |   |   |   |   |   |   |   |   |   |   |   pssm_288 > 0.1637
|   |   |   |   |   |   |   |   |   |   |   |   |   |   |   |   |   |   |   |   |   |   |   pssm_310 <= 0.0844: 1 (2.0)
|   |   |   |   |   |   |   |   |   |   |   |   |   |   |   |   |   |   |   |   |   |   |   pssm_310 > 0.0844: 0 (4.0)
|   |   |   |   |   |   |   |   |   |   |   |   |   |   |   |   |   |   |   |   |   pssm_340 > 0.0098
|   |   |   |   |   |   |   |   |   |   |   |   |   |   |   |   |   |   |   |   |   |   pssm_281 <= 0.0698: 1 (2.0)
|   |   |   |   |   |   |   |   |   |   |   |   |   |   |   |   |   |   |   |   |   |   pssm_281 > 0.0698: 0 (3.0)
|   |   |   |   |   |   |   |   |   |   |   |   |   |   |   |   |   |   |   |   pssm_127 > 0.0605
|   |   |   |   |   |   |   |   |   |   |   |   |   |   |   |   |   |   |   |   |   pssm_282 <= 0.0286: 0 (3.0)
|   |   |   |   |   |   |   |   |   |   |   |   |   |   |   |   |   |   |   |   |   pssm_282 > 0.0286: 1 (3.0)
|   |   |   |   |   |   |   |   |   |   |   |   |   |   |   |   |   |   |   pssm_217 > 0.2325
|   |   |   |   |   |   |   |   |   |   |   |   |   |   |   |   |   |   |   |   pssm_286 <= 0.0299: 0 (2.0)
|   |   |   |   |   |   |   |   |   |   |   |   |   |   |   |   |   |   |   |   pssm_286 > 0.0299: 1 (4.0)
|   |   |   |   |   |   |   |   |   |   |   |   |   |   |   |   |   |   pssm_324 > 0.0828
|   |   |   |   |   |   |   |   |   |   |   |   |   |   |   |   |   |   |   pssm_283 <= 0.0668: 1 (6.0)
|   |   |   |   |   |   |   |   |   |   |   |   |   |   |   |   |   |   |   pssm_283 > 0.0668: 0 (2.0)
|   |   |   |   |   |   |   |   |   |   |   |   |   |   |   |   |   pssm_224 > 0.2803
|   |   |   |   |   |   |   |   |   |   |   |   |   |   |   |   |   |   pssm_361 <= 0.0028: 0 (2.0)
|   |   |   |   |   |   |   |   |   |   |   |   |   |   |   |   |   |   pssm_361 > 0.0028: 1 (6.0)
|   |   |   |   |   |   |   |   |   |   |   |   |   |   |   |   pssm_288 > 0.2125
|   |   |   |   |   |   |   |   |   |   |   |   |   |   |   |   |   pssm_136 <= 0.0056: 0 (3.0)
|   |   |   |   |   |   |   |   |   |   |   |   |   |   |   |   |   pssm_136 > 0.0056: 1 (8.0)
|   |   |   |   |   |   |   |   |   |   |   |   |   |   |   pssm_286 > 0.244
|   |   |   |   |   |   |   |   |   |   |   |   |   |   |   |   pssm_280 <= 0.0294: 0 (2.0)
|   |   |   |   |   |   |   |   |   |   |   |   |   |   |   |   pssm_280 > 0.0294: 1 (9.0)
|   |   |   |   |   |   |   |   |   |   |   |   |   pssm_37 > 0.0908
|   |   |   |   |   |   |   |   |   |   |   |   |   |   pssm_135 <= 0.0137: 0 (3.0)
|   |   |   |   |   |   |   |   |   |   |   |   |   |   pssm_135 > 0.0137: 1 (14.0)
|   |   |   |   |   |   |   |   |   |   |   |   pssm_379 > 0.4658: 1 (10.0/1.0)
|   |   |   |   |   |   |   |   |   |   |   pssm_75 > 0.1156: 1 (10.0)
|   |   |   |   |   |   |   |   |   |   pssm_293 > 0.4683: 1 (11.0/1.0)
|   |   |   |   |   |   |   |   |   pssm_227 > 0.261: 1 (15.0)
|   |   |   |   |   |   |   |   pssm_349 > 0.0965
|   |   |   |   |   |   |   |   |   pssm_293 <= 0.1729: 0 (46.0)
|   |   |   |   |   |   |   |   |   pssm_293 > 0.1729
|   |   |   |   |   |   |   |   |   |   pssm_280 <= 0.1344: 0 (2.0)
|   |   |   |   |   |   |   |   |   |   pssm_280 > 0.1344: 1 (2.0)
|   |   |   |   |   |   |   pssm_366 > 0.1313
|   |   |   |   |   |   |   |   pssm_214 <= 0.0031: 0 (2.0)
|   |   |   |   |   |   |   |   pssm_214 > 0.0031: 1 (16.0)
|   |   |   |   |   |   pssm_58 > 0.064
|   |   |   |   |   |   |   pssm_257 <= 0.241: 1 (27.0/1.0)
|   |   |   |   |   |   |   pssm_257 > 0.241: 0 (3.0)
|   |   |   |   |   pssm_225 > 0.5649: 1 (19.0/1.0)
|   |   |   pssm_247 > 0.2002: 1 (26.0)
|   pssm_295 > 1.1919
|   |   pssm_252 <= 0.2709
|   |   |   pssm_365 <= 0.075
|   |   |   |   pssm_216 <= 0.2812: 0 (22.0/1.0)
|   |   |   |   pssm_216 > 0.2812: 1 (2.0)
|   |   |   pssm_365 > 0.075: 1 (2.0)
|   |   pssm_252 > 0.2709: 1 (5.0)
pssm_56 > 0.0403
|   pssm_389 <= 0.1541
|   |   pssm_386 <= 0.1944
|   |   |   pssm_76 <= 0.894
|   |   |   |   pssm_36 <= 1.2862
|   |   |   |   |   pssm_229 <= 0.1862
|   |   |   |   |   |   pssm_105 <= 0.0473
|   |   |   |   |   |   |   pssm_144 <= 0.0183: 1 (29.0)
|   |   |   |   |   |   |   pssm_144 > 0.0183
|   |   |   |   |   |   |   |   pssm_371 <= 0.0118: 1 (16.0)
|   |   |   |   |   |   |   |   pssm_371 > 0.0118
|   |   |   |   |   |   |   |   |   pssm_365 <= 0.1716
|   |   |   |   |   |   |   |   |   |   pssm_120 <= 0.0792
|   |   |   |   |   |   |   |   |   |   |   pssm_353 <= 0.3444
|   |   |   |   |   |   |   |   |   |   |   |   pssm_264 <= 0.3435
|   |   |   |   |   |   |   |   |   |   |   |   |   pssm_137 <= 0.131
|   |   |   |   |   |   |   |   |   |   |   |   |   |   pssm_383 <= 0.4396
|   |   |   |   |   |   |   |   |   |   |   |   |   |   |   pssm_278 <= 0.2764
|   |   |   |   |   |   |   |   |   |   |   |   |   |   |   |   pssm_72 <= 0.0296: 1 (19.0)
|   |   |   |   |   |   |   |   |   |   |   |   |   |   |   |   pssm_72 > 0.0296
|   |   |   |   |   |   |   |   |   |   |   |   |   |   |   |   |   pssm_211 <= 0.1384
|   |   |   |   |   |   |   |   |   |   |   |   |   |   |   |   |   |   pssm_127 <= 0.1076
|   |   |   |   |   |   |   |   |   |   |   |   |   |   |   |   |   |   |   pssm_45 <= 0.0942: 1 (13.0/1.0)
|   |   |   |   |   |   |   |   |   |   |   |   |   |   |   |   |   |   |   pssm_45 > 0.0942
|   |   |   |   |   |   |   |   |   |   |   |   |   |   |   |   |   |   |   |   pssm_38 <= 0.0999
|   |   |   |   |   |   |   |   |   |   |   |   |   |   |   |   |   |   |   |   |   pssm_394 <= 0.0261: 1 (3.0)
|   |   |   |   |   |   |   |   |   |   |   |   |   |   |   |   |   |   |   |   |   pssm_394 > 0.0261
|   |   |   |   |   |   |   |   |   |   |   |   |   |   |   |   |   |   |   |   |   |   pssm_4 <= 0.225
|   |   |   |   |   |   |   |   |   |   |   |   |   |   |   |   |   |   |   |   |   |   |   pssm_250 <= 0.2458: 0 (42.0/1.0)
|   |   |   |   |   |   |   |   |   |   |   |   |   |   |   |   |   |   |   |   |   |   |   pssm_250 > 0.2458
|   |   |   |   |   |   |   |   |   |   |   |   |   |   |   |   |   |   |   |   |   |   |   |   pssm_218 <= 0.0065: 0 (3.0)
|   |   |   |   |   |   |   |   |   |   |   |   |   |   |   |   |   |   |   |   |   |   |   |   pssm_218 > 0.0065: 1 (4.0)
|   |   |   |   |   |   |   |   |   |   |   |   |   |   |   |   |   |   |   |   |   |   pssm_4 > 0.225: 1 (4.0/1.0)
|   |   |   |   |   |   |   |   |   |   |   |   |   |   |   |   |   |   |   |   pssm_38 > 0.0999: 1 (5.0)
|   |   |   |   |   |   |   |   |   |   |   |   |   |   |   |   |   |   pssm_127 > 0.1076: 1 (9.0)
|   |   |   |   |   |   |   |   |   |   |   |   |   |   |   |   |   pssm_211 > 0.1384: 1 (12.0)
|   |   |   |   |   |   |   |   |   |   |   |   |   |   |   pssm_278 > 0.2764: 0 (8.0)
|   |   |   |   |   |   |   |   |   |   |   |   |   |   pssm_383 > 0.4396: 0 (9.0)
|   |   |   |   |   |   |   |   |   |   |   |   |   pssm_137 > 0.131: 0 (14.0)
|   |   |   |   |   |   |   |   |   |   |   |   pssm_264 > 0.3435: 1 (16.0)
|   |   |   |   |   |   |   |   |   |   |   pssm_353 > 0.3444: 0 (10.0)
|   |   |   |   |   |   |   |   |   |   pssm_120 > 0.0792: 1 (10.0)
|   |   |   |   |   |   |   |   |   pssm_365 > 0.1716: 1 (11.0)
|   |   |   |   |   |   pssm_105 > 0.0473
|   |   |   |   |   |   |   pssm_260 <= 0.3743
|   |   |   |   |   |   |   |   pssm_170 <= 0.0628: 1 (91.0)
|   |   |   |   |   |   |   |   pssm_170 > 0.0628
|   |   |   |   |   |   |   |   |   pssm_250 <= 0.1227: 1 (4.0)
|   |   |   |   |   |   |   |   |   pssm_250 > 0.1227: 0 (2.0)
|   |   |   |   |   |   |   pssm_260 > 0.3743
|   |   |   |   |   |   |   |   pssm_282 <= 0.0801: 0 (3.0)
|   |   |   |   |   |   |   |   pssm_282 > 0.0801: 1 (3.0)
|   |   |   |   |   pssm_229 > 0.1862: 1 (64.0)
|   |   |   |   pssm_36 > 1.2862
|   |   |   |   |   pssm_60 <= 0.005: 1 (4.0)
|   |   |   |   |   pssm_60 > 0.005: 0 (21.0)
|   |   |   pssm_76 > 0.894
|   |   |   |   pssm_317 <= 0.0176: 1 (4.0)
|   |   |   |   pssm_317 > 0.0176: 0 (22.0)
|   |   pssm_386 > 0.1944
|   |   |   pssm_329 <= 0.0724
|   |   |   |   pssm_383 <= 0.0963
|   |   |   |   |   pssm_367 <= 0.0396: 0 (3.0)
|   |   |   |   |   pssm_367 > 0.0396: 1 (17.0/1.0)
|   |   |   |   pssm_383 > 0.0963
|   |   |   |   |   pssm_343 <= 0.0284
|   |   |   |   |   |   pssm_32 <= 0.3828
|   |   |   |   |   |   |   pssm_49 <= 0.058
|   |   |   |   |   |   |   |   pssm_264 <= 0.3576
|   |   |   |   |   |   |   |   |   pssm_164 <= 0.2522
|   |   |   |   |   |   |   |   |   |   pssm_310 <= 0.1385: 0 (116.0)
|   |   |   |   |   |   |   |   |   |   pssm_310 > 0.1385
|   |   |   |   |   |   |   |   |   |   |   pssm_367 <= 0.076: 1 (2.0)
|   |   |   |   |   |   |   |   |   |   |   pssm_367 > 0.076: 0 (5.0)
|   |   |   |   |   |   |   |   |   pssm_164 > 0.2522
|   |   |   |   |   |   |   |   |   |   pssm_221 <= 0.1075: 1 (4.0)
|   |   |   |   |   |   |   |   |   |   pssm_221 > 0.1075: 0 (7.0/1.0)
|   |   |   |   |   |   |   |   pssm_264 > 0.3576
|   |   |   |   |   |   |   |   |   pssm_211 <= 0.079: 0 (4.0)
|   |   |   |   |   |   |   |   |   pssm_211 > 0.079: 1 (4.0)
|   |   |   |   |   |   |   pssm_49 > 0.058
|   |   |   |   |   |   |   |   pssm_175 <= 0.0081: 1 (6.0)
|   |   |   |   |   |   |   |   pssm_175 > 0.0081: 0 (4.0)
|   |   |   |   |   |   pssm_32 > 0.3828
|   |   |   |   |   |   |   pssm_281 <= 0.0761: 1 (5.0)
|   |   |   |   |   |   |   pssm_281 > 0.0761: 0 (3.0)
|   |   |   |   |   pssm_343 > 0.0284
|   |   |   |   |   |   pssm_134 <= 0.0112: 0 (3.0)
|   |   |   |   |   |   pssm_134 > 0.0112: 1 (7.0)
|   |   |   pssm_329 > 0.0724: 1 (11.0/1.0)
|   pssm_389 > 0.1541
|   |   pssm_250 <= 0.4932
|   |   |   pssm_289 <= 0.335
|   |   |   |   pssm_343 <= 0.025
|   |   |   |   |   pssm_92 <= 0.1638
|   |   |   |   |   |   pssm_169 <= 0.2601
|   |   |   |   |   |   |   pssm_95 <= 0.0786
|   |   |   |   |   |   |   |   pssm_248 <= 0.053
|   |   |   |   |   |   |   |   |   pssm_78 <= 0.0656
|   |   |   |   |   |   |   |   |   |   pssm_124 <= 0.0054: 1 (4.0)
|   |   |   |   |   |   |   |   |   |   pssm_124 > 0.0054
|   |   |   |   |   |   |   |   |   |   |   pssm_369 <= 0.244: 0 (21.0/1.0)
|   |   |   |   |   |   |   |   |   |   |   pssm_369 > 0.244: 1 (2.0)
|   |   |   |   |   |   |   |   |   pssm_78 > 0.0656
|   |   |   |   |   |   |   |   |   |   pssm_164 <= 0.337
|   |   |   |   |   |   |   |   |   |   |   pssm_282 <= 0.1754
|   |   |   |   |   |   |   |   |   |   |   |   pssm_214 <= 0.0653: 0 (847.0/2.0)
|   |   |   |   |   |   |   |   |   |   |   |   pssm_214 > 0.0653
|   |   |   |   |   |   |   |   |   |   |   |   |   pssm_10 <= 0.1063
|   |   |   |   |   |   |   |   |   |   |   |   |   |   pssm_318 <= 0.1738: 0 (20.0)
|   |   |   |   |   |   |   |   |   |   |   |   |   |   pssm_318 > 0.1738: 1 (3.0/1.0)
|   |   |   |   |   |   |   |   |   |   |   |   |   pssm_10 > 0.1063: 1 (2.0)
|   |   |   |   |   |   |   |   |   |   |   pssm_282 > 0.1754
|   |   |   |   |   |   |   |   |   |   |   |   pssm_87 <= 0.4211
|   |   |   |   |   |   |   |   |   |   |   |   |   pssm_52 <= 0.0394
|   |   |   |   |   |   |   |   |   |   |   |   |   |   pssm_285 <= 0.3363: 1 (3.0)
|   |   |   |   |   |   |   |   |   |   |   |   |   |   pssm_285 > 0.3363: 0 (2.0)
|   |   |   |   |   |   |   |   |   |   |   |   |   pssm_52 > 0.0394: 0 (37.0/1.0)
|   |   |   |   |   |   |   |   |   |   |   |   pssm_87 > 0.4211: 1 (3.0)
|   |   |   |   |   |   |   |   |   |   pssm_164 > 0.337
|   |   |   |   |   |   |   |   |   |   |   pssm_363 <= 0.2899: 0 (22.0)
|   |   |   |   |   |   |   |   |   |   |   pssm_363 > 0.2899: 1 (6.0/1.0)
|   |   |   |   |   |   |   |   pssm_248 > 0.053
|   |   |   |   |   |   |   |   |   pssm_362 <= 0.0822: 1 (5.0)
|   |   |   |   |   |   |   |   |   pssm_362 > 0.0822
|   |   |   |   |   |   |   |   |   |   pssm_354 <= 0.2668: 0 (17.0/1.0)
|   |   |   |   |   |   |   |   |   |   pssm_354 > 0.2668: 1 (3.0)
|   |   |   |   |   |   |   pssm_95 > 0.0786
|   |   |   |   |   |   |   |   pssm_28 <= 0.0571: 1 (8.0)
|   |   |   |   |   |   |   |   pssm_28 > 0.0571
|   |   |   |   |   |   |   |   |   pssm_225 <= 0.0328: 1 (3.0)
|   |   |   |   |   |   |   |   |   pssm_225 > 0.0328: 0 (20.0)
|   |   |   |   |   |   pssm_169 > 0.2601
|   |   |   |   |   |   |   pssm_222 <= 0.0248
|   |   |   |   |   |   |   |   pssm_250 <= 0.0533: 1 (3.0)
|   |   |   |   |   |   |   |   pssm_250 > 0.0533: 0 (14.0)
|   |   |   |   |   |   |   pssm_222 > 0.0248: 1 (8.0)
|   |   |   |   |   pssm_92 > 0.1638
|   |   |   |   |   |   pssm_353 <= 0.0822: 1 (10.0)
|   |   |   |   |   |   pssm_353 > 0.0822
|   |   |   |   |   |   |   pssm_217 <= 0.2064: 0 (14.0/1.0)
|   |   |   |   |   |   |   pssm_217 > 0.2064: 1 (4.0)
|   |   |   |   pssm_343 > 0.025
|   |   |   |   |   pssm_363 <= 0.1405: 1 (15.0)
|   |   |   |   |   pssm_363 > 0.1405
|   |   |   |   |   |   pssm_2 <= 0.0772: 1 (2.0)
|   |   |   |   |   |   pssm_2 > 0.0772: 0 (10.0)
|   |   |   pssm_289 > 0.335
|   |   |   |   pssm_221 <= 0.0834: 1 (14.0)
|   |   |   |   pssm_221 > 0.0834
|   |   |   |   |   pssm_97 <= 0.0028: 0 (8.0)
|   |   |   |   |   pssm_97 > 0.0028: 1 (3.0)
|   |   pssm_250 > 0.4932
|   |   |   pssm_276 <= 0.0884: 1 (20.0)
|   |   |   pssm_276 > 0.0884: 0 (7.0/1.0)

Number of Leaves  : 	174

Size of the tree : 	347


Time taken to build model: 3.32 seconds
Time taken to test model on training data: 0.37 seconds

=== Error on training data ===

Correctly Classified Instances        3391               99.0073 %
Incorrectly Classified Instances        34                0.9927 %
Kappa statistic                          0.9801
Mean absolute error                      0.0177
Root mean squared error                  0.0941
Relative absolute error                  3.5488 %
Root relative squared error             18.8381 %
Total Number of Instances             3425     


=== Detailed Accuracy By Class ===

                 TP Rate  FP Rate  Precision  Recall   F-Measure  MCC      ROC Area  PRC Area  Class
                 0.988    0.008    0.991      0.988    0.990      0.980    0.998     0.998     0
                 0.992    0.012    0.989      0.992    0.990      0.980    0.998     0.998     1
Weighted Avg.    0.990    0.010    0.990      0.990    0.990      0.980    0.998     0.998     


=== Confusion Matrix ===

    a    b   <-- classified as
 1624   19 |    a = 0
   15 1767 |    b = 1



=== Stratified cross-validation ===

Correctly Classified Instances        2762               80.6423 %
Incorrectly Classified Instances       663               19.3577 %
Kappa statistic                          0.6124
Mean absolute error                      0.1977
Root mean squared error                  0.4314
Relative absolute error                 39.604  %
Root relative squared error             86.359  %
Total Number of Instances             3425     


=== Detailed Accuracy By Class ===

                 TP Rate  FP Rate  Precision  Recall   F-Measure  MCC      ROC Area  PRC Area  Class
                 0.804    0.191    0.795      0.804    0.799      0.612    0.794     0.701     0
                 0.809    0.196    0.817      0.809    0.813      0.612    0.794     0.781     1
Weighted Avg.    0.806    0.194    0.807      0.806    0.806      0.612    0.794     0.742     


=== Confusion Matrix ===

    a    b   <-- classified as
 1321  322 |    a = 0
  341 1441 |    b = 1

